c:\users\barab\source\repos\sem1\sem1\x64\debug\vc143.pdb
c:\users\barab\source\repos\sem1\sem1\x64\debug\vc143.idb
c:\users\barab\source\repos\sem1\sem1\x64\debug\test_selection_sort.obj
c:\users\barab\source\repos\sem1\sem1\x64\debug\test_optimized_bubble_sort.obj
c:\users\barab\source\repos\sem1\sem1\x64\debug\test_insertion_sort.obj
c:\users\barab\source\repos\sem1\sem1\x64\debug\test_exchange_sort.obj
c:\users\barab\source\repos\sem1\sem1\x64\debug\test_bubble_sort.obj
c:\users\barab\source\repos\sem1\sem1\x64\debug\selection_sort.obj
c:\users\barab\source\repos\sem1\sem1\x64\debug\optimized_bubble_sort.obj
c:\users\barab\source\repos\sem1\sem1\x64\debug\insertion_sort.obj
c:\users\barab\source\repos\sem1\sem1\x64\debug\exchange_sort.obj
c:\users\barab\source\repos\sem1\sem1\x64\debug\bubble_sort.obj
c:\users\barab\source\repos\sem1\x64\debug\gtest.dll
c:\users\barab\source\repos\sem1\x64\debug\gtest_main.dll
c:\users\barab\source\repos\sem1\sem1\x64\debug\sem1.ilk
c:\users\barab\source\repos\sem1\x64\debug\sem1.pdb
c:\users\barab\source\repos\sem1\sem1\x64\debug\sem1.tlog\cl.command.1.tlog
c:\users\barab\source\repos\sem1\sem1\x64\debug\sem1.tlog\cl.items.tlog
c:\users\barab\source\repos\sem1\sem1\x64\debug\sem1.tlog\cl.read.1.tlog
c:\users\barab\source\repos\sem1\sem1\x64\debug\sem1.tlog\cl.write.1.tlog
c:\users\barab\source\repos\sem1\sem1\x64\debug\sem1.tlog\link-cvtres.read.1.tlog
c:\users\barab\source\repos\sem1\sem1\x64\debug\sem1.tlog\link-cvtres.write.1.tlog
c:\users\barab\source\repos\sem1\sem1\x64\debug\sem1.tlog\link-rc.read.1.tlog
c:\users\barab\source\repos\sem1\sem1\x64\debug\sem1.tlog\link-rc.write.1.tlog
c:\users\barab\source\repos\sem1\sem1\x64\debug\sem1.tlog\link.21496-cvtres.read.1.tlog
c:\users\barab\source\repos\sem1\sem1\x64\debug\sem1.tlog\link.21496-cvtres.write.1.tlog
c:\users\barab\source\repos\sem1\sem1\x64\debug\sem1.tlog\link.21496-rc.read.1.tlog
c:\users\barab\source\repos\sem1\sem1\x64\debug\sem1.tlog\link.21496-rc.write.1.tlog
c:\users\barab\source\repos\sem1\sem1\x64\debug\sem1.tlog\link.21496.read.1.tlog
c:\users\barab\source\repos\sem1\sem1\x64\debug\sem1.tlog\link.21496.read.2.tlog
c:\users\barab\source\repos\sem1\sem1\x64\debug\sem1.tlog\link.21496.write.1.tlog
c:\users\barab\source\repos\sem1\sem1\x64\debug\sem1.tlog\link.command.1.tlog
c:\users\barab\source\repos\sem1\sem1\x64\debug\sem1.tlog\link.read.1.tlog
c:\users\barab\source\repos\sem1\sem1\x64\debug\sem1.tlog\link.read.2.tlog
c:\users\barab\source\repos\sem1\sem1\x64\debug\sem1.tlog\link.secondary.1.tlog
c:\users\barab\source\repos\sem1\sem1\x64\debug\sem1.tlog\link.write.1.tlog
c:\users\barab\source\repos\sem1\sem1\x64\debug\sem1.tlog\sem1.write.1u.tlog
