  bubble_sort.cpp
  exchange_sort.cpp
C:\Users\barab\source\repos\Sem1\sorting\src\bubble_sort.cpp(1,10): error C1083: Не удается открыть файл включение: bubble_sort.h: No such file or directory,
C:\Users\barab\source\repos\Sem1\sorting\src\exchange_sort.cpp(1,10): error C1083: Не удается открыть файл включение: exchange_sort.h: No such file or directory,
  insertion_sort.cpp
C:\Users\barab\source\repos\Sem1\sorting\src\insertion_sort.cpp(1,10): error C1083: Не удается открыть файл включение: insertion_sort.h: No such file or directory,
  optimized_bubble_sort.cpp
C:\Users\barab\source\repos\Sem1\sorting\src\optimized_bubble_sort.cpp(1,10): error C1083: Не удается открыть файл включение: optimized_bubble_sort.h: No such file or directory,
  selection_sort.cpp
C:\Users\barab\source\repos\Sem1\sorting\src\selection_sort.cpp(1,10): error C1083: Не удается открыть файл включение: selection_sort.h: No such file or directory,
  test_bubble_sort.cpp
C:\Users\barab\source\repos\Sem1\tests\test_bubble_sort.cpp(1,10): error C1083: Не удается открыть файл включение: gtest/gtest.h: No such file or directory,
  test_exchange_sort.cpp
C:\Users\barab\source\repos\Sem1\tests\test_exchange_sort.cpp(1,10): error C1083: Не удается открыть файл включение: gtest/gtest.h: No such file or directory,
  test_insertion_sort.cpp
C:\Users\barab\source\repos\Sem1\tests\test_insertion_sort.cpp(1,10): error C1083: Не удается открыть файл включение: gtest/gtest.h: No such file or directory,
  test_optimized_bubble_sort.cpp
C:\Users\barab\source\repos\Sem1\tests\test_optimized_bubble_sort.cpp(1,10): error C1083: Не удается открыть файл включение: gtest/gtest.h: No such file or directory,
  test_selection_sort.cpp
  Создание кода...
